<?xml version="1.0" encoding="UTF-8"?>
<!-- Generated by org.testng.reporters.JUnitReportReporter -->
<testsuite hostname="VihaanJaswik" failures="0" tests="1" name="GenaricScript.Incognito" time="2.194" errors="0" timestamp="2023-10-20T10:28:42 IST" skipped="0">
  <testcase classname="GenaricScript.Incognito" name="openincon" time="2.194"/>
  <system-out/>
</testsuite> <!-- GenaricScript.Incognito -->
