<?xml version="1.0" encoding="UTF-8"?>
<!-- Generated by org.testng.reporters.JUnitReportReporter -->
<testsuite hostname="VihaanJaswik" failures="0" tests="1" name="DDT.multifetch" time="18.839" errors="0" timestamp="2023-10-20T15:02:13 IST" skipped="0">
  <testcase classname="DDT.multifetch" name="test" time="18.839"/>
  <system-out/>
</testsuite> <!-- DDT.multifetch -->
