<?xml version="1.0" encoding="UTF-8"?>
<!-- Generated by org.testng.reporters.JUnitReportReporter -->
<testsuite hostname="VihaanJaswik" failures="0" tests="1" name="DDT.Multiwrite" time="10.047" errors="0" timestamp="2023-10-20T14:51:10 IST" skipped="0">
  <testcase classname="DDT.Multiwrite" name="test" time="10.047"/>
  <system-out/>
</testsuite> <!-- DDT.Multiwrite -->
