<?xml version="1.0" encoding="UTF-8"?>
<!-- Generated by org.testng.reporters.JUnitReportReporter -->
<testsuite hostname="VihaanJaswik" failures="0" tests="1" name="TestScript.RunnerFB" time="15.907" errors="0" timestamp="2023-10-20T11:24:06 IST" skipped="0">
  <testcase classname="TestScript.RunnerFB" name="test" time="15.907"/>
  <system-out/>
</testsuite> <!-- TestScript.RunnerFB -->
